<?xml version="1.0" encoding="UTF-8"?>
<!-- Generated by org.testng.reporters.JUnitReportReporter -->
<testsuite hostname="fadavis-HP-EliteBook-8470p" name="testcases.CustomerFacingGoogleSomething" tests="2" failures="0" timestamp="20 Jul 2015 22:05:44 GMT" time="27.082" errors="0">
  <testcase name="clickSearch" time="6.722" classname="testcases.CustomerFacingGoogleSomething"/>
  <testcase name="typeSomething" time="20.360" classname="testcases.CustomerFacingGoogleSomething"/>
</testsuite> <!-- testcases.CustomerFacingGoogleSomething -->
